<?xml version="1.0" encoding="UTF-8"?>
<testsuite xmlns:xsi="http://www.w3.org/2001/XMLSchema-instance" xsi:noNamespaceSchemaLocation="https://maven.apache.org/surefire/maven-surefire-plugin/xsd/surefire-test-report-3.0.xsd" version="3.0" name="TestSuite" time="1,133.701" tests="3" errors="0" skipped="0" failures="3">
  <properties>
    <property name="java.specification.version" value="15"/>
    <property name="webdriver.chrome.driver" value="C:\Workstation\MAFAutomation_CHP-Application-Test\.\drivers\chromedriver.exe"/>
    <property name="sun.cpu.isalist" value="amd64"/>
    <property name="sun.jnu.encoding" value="Cp1252"/>
    <property name="java.class.path" value="C:\Workstation\MAFAutomation_CHP-Application-Test\target\test-classes;C:\Workstation\MAFAutomation_CHP-Application-Test\target\classes;C:\Users\C275973\.m2\repository\commons-configuration\commons-configuration\1.6\commons-configuration-1.6.jar;C:\Users\C275973\.m2\repository\commons-collections\commons-collections\3.2.1\commons-collections-3.2.1.jar;C:\Users\C275973\.m2\repository\commons-lang\commons-lang\2.4\commons-lang-2.4.jar;C:\Users\C275973\.m2\repository\commons-logging\commons-logging\1.1.1\commons-logging-1.1.1.jar;C:\Users\C275973\.m2\repository\commons-digester\commons-digester\1.8\commons-digester-1.8.jar;C:\Users\C275973\.m2\repository\commons-beanutils\commons-beanutils\1.7.0\commons-beanutils-1.7.0.jar;C:\Users\C275973\.m2\repository\commons-beanutils\commons-beanutils-core\1.8.0\commons-beanutils-core-1.8.0.jar;C:\Users\C275973\.m2\repository\org\seleniumhq\selenium\selenium-java\3.141.59\selenium-java-3.141.59.jar;C:\Users\C275973\.m2\repository\org\seleniumhq\selenium\selenium-api\3.141.59\selenium-api-3.141.59.jar;C:\Users\C275973\.m2\repository\org\seleniumhq\selenium\selenium-chrome-driver\3.141.59\selenium-chrome-driver-3.141.59.jar;C:\Users\C275973\.m2\repository\org\seleniumhq\selenium\selenium-edge-driver\3.141.59\selenium-edge-driver-3.141.59.jar;C:\Users\C275973\.m2\repository\org\seleniumhq\selenium\selenium-firefox-driver\3.141.59\selenium-firefox-driver-3.141.59.jar;C:\Users\C275973\.m2\repository\org\seleniumhq\selenium\selenium-ie-driver\3.141.59\selenium-ie-driver-3.141.59.jar;C:\Users\C275973\.m2\repository\org\seleniumhq\selenium\selenium-opera-driver\3.141.59\selenium-opera-driver-3.141.59.jar;C:\Users\C275973\.m2\repository\org\seleniumhq\selenium\selenium-remote-driver\3.141.59\selenium-remote-driver-3.141.59.jar;C:\Users\C275973\.m2\repository\org\seleniumhq\selenium\selenium-safari-driver\3.141.59\selenium-safari-driver-3.141.59.jar;C:\Users\C275973\.m2\repository\org\seleniumhq\selenium\selenium-support\3.141.59\selenium-support-3.141.59.jar;C:\Users\C275973\.m2\repository\net\bytebuddy\byte-buddy\1.8.15\byte-buddy-1.8.15.jar;C:\Users\C275973\.m2\repository\org\apache\commons\commons-exec\1.3\commons-exec-1.3.jar;C:\Users\C275973\.m2\repository\com\google\guava\guava\25.0-jre\guava-25.0-jre.jar;C:\Users\C275973\.m2\repository\com\google\code\findbugs\jsr305\1.3.9\jsr305-1.3.9.jar;C:\Users\C275973\.m2\repository\org\checkerframework\checker-compat-qual\2.0.0\checker-compat-qual-2.0.0.jar;C:\Users\C275973\.m2\repository\com\google\errorprone\error_prone_annotations\2.1.3\error_prone_annotations-2.1.3.jar;C:\Users\C275973\.m2\repository\com\google\j2objc\j2objc-annotations\1.1\j2objc-annotations-1.1.jar;C:\Users\C275973\.m2\repository\org\codehaus\mojo\animal-sniffer-annotations\1.14\animal-sniffer-annotations-1.14.jar;C:\Users\C275973\.m2\repository\com\squareup\okhttp3\okhttp\3.11.0\okhttp-3.11.0.jar;C:\Users\C275973\.m2\repository\com\squareup\okio\okio\1.14.0\okio-1.14.0.jar;C:\Users\C275973\.m2\repository\org\freemarker\freemarker\2.3.25-incubating\freemarker-2.3.25-incubating.jar;C:\Users\C275973\.m2\repository\com\relevantcodes\extentreports\2.41.1\extentreports-2.41.1.jar;C:\Users\C275973\.m2\repository\org\jsoup\jsoup\1.8.3\jsoup-1.8.3.jar;C:\Users\C275973\.m2\repository\org\xerial\sqlite-jdbc\3.8.11.1\sqlite-jdbc-3.8.11.1.jar;C:\Users\C275973\.m2\repository\org\mongodb\mongodb-driver\3.0.4\mongodb-driver-3.0.4.jar;C:\Users\C275973\.m2\repository\org\mongodb\bson\3.0.4\bson-3.0.4.jar;C:\Users\C275973\.m2\repository\org\mongodb\mongodb-driver-core\3.0.4\mongodb-driver-core-3.0.4.jar;C:\Users\C275973\.m2\repository\com\google\inject\guice\3.0\guice-3.0.jar;C:\Users\C275973\.m2\repository\javax\inject\javax.inject\1\javax.inject-1.jar;C:\Users\C275973\.m2\repository\aopalliance\aopalliance\1.0\aopalliance-1.0.jar;C:\Users\C275973\.m2\repository\log4j\log4j\1.2.17\log4j-1.2.17.jar;C:\Users\C275973\.m2\repository\org\testng\testng\6.10\testng-6.10.jar;C:\Users\C275973\.m2\repository\com\beust\jcommander\1.48\jcommander-1.48.jar;C:\Users\C275973\.m2\repository\MAF-Application-Core\MAF-Application-Core\0.0.1-SNAPSHOT\MAF-Application-Core-0.0.1-SNAPSHOT.jar;C:\Users\C275973\.m2\repository\com\aventstack\extentreports\3.0.6\extentreports-3.0.6.jar;C:\Users\C275973\.m2\repository\org\apache\httpcomponents\httpclient\4.5.2\httpclient-4.5.2.jar;C:\Users\C275973\.m2\repository\org\apache\httpcomponents\httpmime\4.5.2\httpmime-4.5.2.jar;C:\Users\C275973\.m2\repository\com\atlassian\jira\jira-rest-java-client-core\3.0.0\jira-rest-java-client-core-3.0.0.jar;C:\Users\C275973\.m2\repository\com\atlassian\jira\jira-rest-java-client-api\3.0.0\jira-rest-java-client-api-3.0.0.jar;C:\Users\C275973\.m2\repository\com\atlassian\httpclient\atlassian-httpclient-api\0.13.2\atlassian-httpclient-api-0.13.2.jar;C:\Users\C275973\.m2\repository\com\atlassian\httpclient\atlassian-httpclient-spi\0.13.2\atlassian-httpclient-spi-0.13.2.jar;C:\Users\C275973\.m2\repository\com\sun\jersey\jersey-client\1.5\jersey-client-1.5.jar;C:\Users\C275973\.m2\repository\com\sun\jersey\jersey-core\1.5\jersey-core-1.5.jar;C:\Users\C275973\.m2\repository\com\sun\jersey\jersey-json\1.5\jersey-json-1.5.jar;C:\Users\C275973\.m2\repository\org\codehaus\jettison\jettison\1.1\jettison-1.1.jar;C:\Users\C275973\.m2\repository\stax\stax-api\1.0.1\stax-api-1.0.1.jar;C:\Users\C275973\.m2\repository\com\sun\xml\bind\jaxb-impl\2.2.3\jaxb-impl-2.2.3.jar;C:\Users\C275973\.m2\repository\javax\xml\bind\jaxb-api\2.2.2\jaxb-api-2.2.2.jar;C:\Users\C275973\.m2\repository\javax\xml\stream\stax-api\1.0-2\stax-api-1.0-2.jar;C:\Users\C275973\.m2\repository\javax\activation\activation\1.1\activation-1.1.jar;C:\Users\C275973\.m2\repository\org\codehaus\jackson\jackson-jaxrs\1.5.5\jackson-jaxrs-1.5.5.jar;C:\Users\C275973\.m2\repository\org\codehaus\jackson\jackson-xc\1.5.5\jackson-xc-1.5.5.jar;C:\Users\C275973\.m2\repository\joda-time\joda-time\1.6\joda-time-1.6.jar;C:\Users\C275973\.m2\repository\com\atlassian\httpclient\atlassian-httpclient-apache-httpcomponents\0.13.2\atlassian-httpclient-apache-httpcomponents-0.13.2.jar;C:\Users\C275973\.m2\repository\com\atlassian\sal\sal-api\2.7.0\sal-api-2.7.0.jar;C:\Users\C275973\.m2\repository\com\atlassian\event\atlassian-event\2.2.0\atlassian-event-2.2.0.jar;C:\Users\C275973\.m2\repository\org\apache\httpcomponents\httpasyncclient-cache\4.0-beta3-atlassian-1\httpasyncclient-cache-4.0-beta3-atlassian-1.jar;C:\Users\C275973\.m2\repository\org\apache\httpcomponents\httpclient-cache\4.2.1-atlassian-2\httpclient-cache-4.2.1-atlassian-2.jar;C:\Users\C275973\.m2\repository\org\apache\httpcomponents\httpasyncclient\4.0-beta3-atlassian-1\httpasyncclient-4.0-beta3-atlassian-1.jar;C:\Users\C275973\.m2\repository\org\apache\httpcomponents\httpcore-nio\4.2.2\httpcore-nio-4.2.2.jar;C:\Users\C275973\.m2\repository\org\springframework\spring-context\2.5.6\spring-context-2.5.6.jar;C:\Users\C275973\.m2\repository\org\springframework\spring-beans\2.5.6\spring-beans-2.5.6.jar;C:\Users\C275973\.m2\repository\org\springframework\spring-core\2.5.6\spring-core-2.5.6.jar;C:\Users\C275973\.m2\repository\com\atlassian\util\concurrent\atlassian-util-concurrent\2.4.0-M9\atlassian-util-concurrent-2.4.0-M9.jar;C:\Users\C275973\.m2\repository\org\slf4j\slf4j-simple\1.7.24\slf4j-simple-1.7.24.jar;C:\Users\C275973\.m2\repository\org\slf4j\slf4j-api\1.7.24\slf4j-api-1.7.24.jar;C:\Users\C275973\.m2\repository\org\json\json\20140107\json-20140107.jar;C:\Users\C275973\.m2\repository\org\apache\poi\poi\3.15-beta2\poi-3.15-beta2.jar;C:\Users\C275973\.m2\repository\commons-codec\commons-codec\1.10\commons-codec-1.10.jar;C:\Users\C275973\.m2\repository\org\apache\poi\poi-ooxml\3.15-beta2\poi-ooxml-3.15-beta2.jar;C:\Users\C275973\.m2\repository\org\apache\poi\poi-ooxml-schemas\3.15-beta2\poi-ooxml-schemas-3.15-beta2.jar;C:\Users\C275973\.m2\repository\org\apache\xmlbeans\xmlbeans\2.6.0\xmlbeans-2.6.0.jar;C:\Users\C275973\.m2\repository\com\github\virtuald\curvesapi\1.04\curvesapi-1.04.jar;C:\Users\C275973\.m2\repository\org\apache\httpcomponents\httpcore\4.4.6\httpcore-4.4.6.jar;C:\Users\C275973\.m2\repository\com\googlecode\json-simple\json-simple\1.1\json-simple-1.1.jar;C:\Users\C275973\.m2\repository\junit\junit\4.12\junit-4.12.jar;C:\Users\C275973\.m2\repository\org\hamcrest\hamcrest-core\1.3\hamcrest-core-1.3.jar;C:\Users\C275973\.m2\repository\org\codehaus\jackson\jackson-mapper-asl\1.5.0\jackson-mapper-asl-1.5.0.jar;C:\Users\C275973\.m2\repository\org\codehaus\jackson\jackson-core-asl\1.5.0\jackson-core-asl-1.5.0.jar;"/>
    <property name="java.vm.vendor" value="Oracle Corporation"/>
    <property name="sun.arch.data.model" value="64"/>
    <property name="user.variant" value=""/>
    <property name="java.vendor.url" value="https://java.oracle.com/"/>
    <property name="user.timezone" value="America/Buenos_Aires"/>
    <property name="os.name" value="Windows 10"/>
    <property name="java.vm.specification.version" value="15"/>
    <property name="sun.java.launcher" value="SUN_STANDARD"/>
    <property name="user.country" value="US"/>
    <property name="sun.boot.library.path" value="C:\Program Files\Java\jdk-15\bin"/>
    <property name="sun.java.command" value="C:\Users\C275973\AppData\Local\Temp\surefire9145194033624871651\surefirebooter8665741896632223452.jar C:\Users\C275973\AppData\Local\Temp\surefire9145194033624871651 2021-02-08T17-09-37_181-jvmRun1 surefire7034157663358033904tmp surefire_015951904945811544207tmp"/>
    <property name="jdk.debug" value="release"/>
    <property name="surefire.test.class.path" value="C:\Workstation\MAFAutomation_CHP-Application-Test\target\test-classes;C:\Workstation\MAFAutomation_CHP-Application-Test\target\classes;C:\Users\C275973\.m2\repository\commons-configuration\commons-configuration\1.6\commons-configuration-1.6.jar;C:\Users\C275973\.m2\repository\commons-collections\commons-collections\3.2.1\commons-collections-3.2.1.jar;C:\Users\C275973\.m2\repository\commons-lang\commons-lang\2.4\commons-lang-2.4.jar;C:\Users\C275973\.m2\repository\commons-logging\commons-logging\1.1.1\commons-logging-1.1.1.jar;C:\Users\C275973\.m2\repository\commons-digester\commons-digester\1.8\commons-digester-1.8.jar;C:\Users\C275973\.m2\repository\commons-beanutils\commons-beanutils\1.7.0\commons-beanutils-1.7.0.jar;C:\Users\C275973\.m2\repository\commons-beanutils\commons-beanutils-core\1.8.0\commons-beanutils-core-1.8.0.jar;C:\Users\C275973\.m2\repository\org\seleniumhq\selenium\selenium-java\3.141.59\selenium-java-3.141.59.jar;C:\Users\C275973\.m2\repository\org\seleniumhq\selenium\selenium-api\3.141.59\selenium-api-3.141.59.jar;C:\Users\C275973\.m2\repository\org\seleniumhq\selenium\selenium-chrome-driver\3.141.59\selenium-chrome-driver-3.141.59.jar;C:\Users\C275973\.m2\repository\org\seleniumhq\selenium\selenium-edge-driver\3.141.59\selenium-edge-driver-3.141.59.jar;C:\Users\C275973\.m2\repository\org\seleniumhq\selenium\selenium-firefox-driver\3.141.59\selenium-firefox-driver-3.141.59.jar;C:\Users\C275973\.m2\repository\org\seleniumhq\selenium\selenium-ie-driver\3.141.59\selenium-ie-driver-3.141.59.jar;C:\Users\C275973\.m2\repository\org\seleniumhq\selenium\selenium-opera-driver\3.141.59\selenium-opera-driver-3.141.59.jar;C:\Users\C275973\.m2\repository\org\seleniumhq\selenium\selenium-remote-driver\3.141.59\selenium-remote-driver-3.141.59.jar;C:\Users\C275973\.m2\repository\org\seleniumhq\selenium\selenium-safari-driver\3.141.59\selenium-safari-driver-3.141.59.jar;C:\Users\C275973\.m2\repository\org\seleniumhq\selenium\selenium-support\3.141.59\selenium-support-3.141.59.jar;C:\Users\C275973\.m2\repository\net\bytebuddy\byte-buddy\1.8.15\byte-buddy-1.8.15.jar;C:\Users\C275973\.m2\repository\org\apache\commons\commons-exec\1.3\commons-exec-1.3.jar;C:\Users\C275973\.m2\repository\com\google\guava\guava\25.0-jre\guava-25.0-jre.jar;C:\Users\C275973\.m2\repository\com\google\code\findbugs\jsr305\1.3.9\jsr305-1.3.9.jar;C:\Users\C275973\.m2\repository\org\checkerframework\checker-compat-qual\2.0.0\checker-compat-qual-2.0.0.jar;C:\Users\C275973\.m2\repository\com\google\errorprone\error_prone_annotations\2.1.3\error_prone_annotations-2.1.3.jar;C:\Users\C275973\.m2\repository\com\google\j2objc\j2objc-annotations\1.1\j2objc-annotations-1.1.jar;C:\Users\C275973\.m2\repository\org\codehaus\mojo\animal-sniffer-annotations\1.14\animal-sniffer-annotations-1.14.jar;C:\Users\C275973\.m2\repository\com\squareup\okhttp3\okhttp\3.11.0\okhttp-3.11.0.jar;C:\Users\C275973\.m2\repository\com\squareup\okio\okio\1.14.0\okio-1.14.0.jar;C:\Users\C275973\.m2\repository\org\freemarker\freemarker\2.3.25-incubating\freemarker-2.3.25-incubating.jar;C:\Users\C275973\.m2\repository\com\relevantcodes\extentreports\2.41.1\extentreports-2.41.1.jar;C:\Users\C275973\.m2\repository\org\jsoup\jsoup\1.8.3\jsoup-1.8.3.jar;C:\Users\C275973\.m2\repository\org\xerial\sqlite-jdbc\3.8.11.1\sqlite-jdbc-3.8.11.1.jar;C:\Users\C275973\.m2\repository\org\mongodb\mongodb-driver\3.0.4\mongodb-driver-3.0.4.jar;C:\Users\C275973\.m2\repository\org\mongodb\bson\3.0.4\bson-3.0.4.jar;C:\Users\C275973\.m2\repository\org\mongodb\mongodb-driver-core\3.0.4\mongodb-driver-core-3.0.4.jar;C:\Users\C275973\.m2\repository\com\google\inject\guice\3.0\guice-3.0.jar;C:\Users\C275973\.m2\repository\javax\inject\javax.inject\1\javax.inject-1.jar;C:\Users\C275973\.m2\repository\aopalliance\aopalliance\1.0\aopalliance-1.0.jar;C:\Users\C275973\.m2\repository\log4j\log4j\1.2.17\log4j-1.2.17.jar;C:\Users\C275973\.m2\repository\org\testng\testng\6.10\testng-6.10.jar;C:\Users\C275973\.m2\repository\com\beust\jcommander\1.48\jcommander-1.48.jar;C:\Users\C275973\.m2\repository\MAF-Application-Core\MAF-Application-Core\0.0.1-SNAPSHOT\MAF-Application-Core-0.0.1-SNAPSHOT.jar;C:\Users\C275973\.m2\repository\com\aventstack\extentreports\3.0.6\extentreports-3.0.6.jar;C:\Users\C275973\.m2\repository\org\apache\httpcomponents\httpclient\4.5.2\httpclient-4.5.2.jar;C:\Users\C275973\.m2\repository\org\apache\httpcomponents\httpmime\4.5.2\httpmime-4.5.2.jar;C:\Users\C275973\.m2\repository\com\atlassian\jira\jira-rest-java-client-core\3.0.0\jira-rest-java-client-core-3.0.0.jar;C:\Users\C275973\.m2\repository\com\atlassian\jira\jira-rest-java-client-api\3.0.0\jira-rest-java-client-api-3.0.0.jar;C:\Users\C275973\.m2\repository\com\atlassian\httpclient\atlassian-httpclient-api\0.13.2\atlassian-httpclient-api-0.13.2.jar;C:\Users\C275973\.m2\repository\com\atlassian\httpclient\atlassian-httpclient-spi\0.13.2\atlassian-httpclient-spi-0.13.2.jar;C:\Users\C275973\.m2\repository\com\sun\jersey\jersey-client\1.5\jersey-client-1.5.jar;C:\Users\C275973\.m2\repository\com\sun\jersey\jersey-core\1.5\jersey-core-1.5.jar;C:\Users\C275973\.m2\repository\com\sun\jersey\jersey-json\1.5\jersey-json-1.5.jar;C:\Users\C275973\.m2\repository\org\codehaus\jettison\jettison\1.1\jettison-1.1.jar;C:\Users\C275973\.m2\repository\stax\stax-api\1.0.1\stax-api-1.0.1.jar;C:\Users\C275973\.m2\repository\com\sun\xml\bind\jaxb-impl\2.2.3\jaxb-impl-2.2.3.jar;C:\Users\C275973\.m2\repository\javax\xml\bind\jaxb-api\2.2.2\jaxb-api-2.2.2.jar;C:\Users\C275973\.m2\repository\javax\xml\stream\stax-api\1.0-2\stax-api-1.0-2.jar;C:\Users\C275973\.m2\repository\javax\activation\activation\1.1\activation-1.1.jar;C:\Users\C275973\.m2\repository\org\codehaus\jackson\jackson-jaxrs\1.5.5\jackson-jaxrs-1.5.5.jar;C:\Users\C275973\.m2\repository\org\codehaus\jackson\jackson-xc\1.5.5\jackson-xc-1.5.5.jar;C:\Users\C275973\.m2\repository\joda-time\joda-time\1.6\joda-time-1.6.jar;C:\Users\C275973\.m2\repository\com\atlassian\httpclient\atlassian-httpclient-apache-httpcomponents\0.13.2\atlassian-httpclient-apache-httpcomponents-0.13.2.jar;C:\Users\C275973\.m2\repository\com\atlassian\sal\sal-api\2.7.0\sal-api-2.7.0.jar;C:\Users\C275973\.m2\repository\com\atlassian\event\atlassian-event\2.2.0\atlassian-event-2.2.0.jar;C:\Users\C275973\.m2\repository\org\apache\httpcomponents\httpasyncclient-cache\4.0-beta3-atlassian-1\httpasyncclient-cache-4.0-beta3-atlassian-1.jar;C:\Users\C275973\.m2\repository\org\apache\httpcomponents\httpclient-cache\4.2.1-atlassian-2\httpclient-cache-4.2.1-atlassian-2.jar;C:\Users\C275973\.m2\repository\org\apache\httpcomponents\httpasyncclient\4.0-beta3-atlassian-1\httpasyncclient-4.0-beta3-atlassian-1.jar;C:\Users\C275973\.m2\repository\org\apache\httpcomponents\httpcore-nio\4.2.2\httpcore-nio-4.2.2.jar;C:\Users\C275973\.m2\repository\org\springframework\spring-context\2.5.6\spring-context-2.5.6.jar;C:\Users\C275973\.m2\repository\org\springframework\spring-beans\2.5.6\spring-beans-2.5.6.jar;C:\Users\C275973\.m2\repository\org\springframework\spring-core\2.5.6\spring-core-2.5.6.jar;C:\Users\C275973\.m2\repository\com\atlassian\util\concurrent\atlassian-util-concurrent\2.4.0-M9\atlassian-util-concurrent-2.4.0-M9.jar;C:\Users\C275973\.m2\repository\org\slf4j\slf4j-simple\1.7.24\slf4j-simple-1.7.24.jar;C:\Users\C275973\.m2\repository\org\slf4j\slf4j-api\1.7.24\slf4j-api-1.7.24.jar;C:\Users\C275973\.m2\repository\org\json\json\20140107\json-20140107.jar;C:\Users\C275973\.m2\repository\org\apache\poi\poi\3.15-beta2\poi-3.15-beta2.jar;C:\Users\C275973\.m2\repository\commons-codec\commons-codec\1.10\commons-codec-1.10.jar;C:\Users\C275973\.m2\repository\org\apache\poi\poi-ooxml\3.15-beta2\poi-ooxml-3.15-beta2.jar;C:\Users\C275973\.m2\repository\org\apache\poi\poi-ooxml-schemas\3.15-beta2\poi-ooxml-schemas-3.15-beta2.jar;C:\Users\C275973\.m2\repository\org\apache\xmlbeans\xmlbeans\2.6.0\xmlbeans-2.6.0.jar;C:\Users\C275973\.m2\repository\com\github\virtuald\curvesapi\1.04\curvesapi-1.04.jar;C:\Users\C275973\.m2\repository\org\apache\httpcomponents\httpcore\4.4.6\httpcore-4.4.6.jar;C:\Users\C275973\.m2\repository\com\googlecode\json-simple\json-simple\1.1\json-simple-1.1.jar;C:\Users\C275973\.m2\repository\junit\junit\4.12\junit-4.12.jar;C:\Users\C275973\.m2\repository\org\hamcrest\hamcrest-core\1.3\hamcrest-core-1.3.jar;C:\Users\C275973\.m2\repository\org\codehaus\jackson\jackson-mapper-asl\1.5.0\jackson-mapper-asl-1.5.0.jar;C:\Users\C275973\.m2\repository\org\codehaus\jackson\jackson-core-asl\1.5.0\jackson-core-asl-1.5.0.jar;"/>
    <property name="sun.cpu.endian" value="little"/>
    <property name="user.home" value="C:\Users\C275973"/>
    <property name="user.language" value="en"/>
    <property name="java.specification.vendor" value="Oracle Corporation"/>
    <property name="java.version.date" value="2020-09-15"/>
    <property name="java.home" value="C:\Program Files\Java\jdk-15"/>
    <property name="file.separator" value="\"/>
    <property name="basedir" value="C:\Workstation\MAFAutomation_CHP-Application-Test"/>
    <property name="java.vm.compressedOopsMode" value="Zero based"/>
    <property name="line.separator" value="&#10;"/>
    <property name="java.vm.specification.vendor" value="Oracle Corporation"/>
    <property name="java.specification.name" value="Java Platform API Specification"/>
    <property name="surefire.real.class.path" value="C:\Users\C275973\AppData\Local\Temp\surefire9145194033624871651\surefirebooter8665741896632223452.jar"/>
    <property name="user.script" value=""/>
    <property name="sun.management.compiler" value="HotSpot 64-Bit Tiered Compilers"/>
    <property name="java.runtime.version" value="15+36-1562"/>
    <property name="user.name" value="C275973"/>
    <property name="path.separator" value=";"/>
    <property name="os.version" value="10.0"/>
    <property name="java.runtime.name" value="Java(TM) SE Runtime Environment"/>
    <property name="file.encoding" value="Cp1252"/>
    <property name="java.vm.name" value="Java HotSpot(TM) 64-Bit Server VM"/>
    <property name="localRepository" value="C:\Users\C275973\.m2\repository"/>
    <property name="java.vendor.url.bug" value="https://bugreport.java.com/bugreport/"/>
    <property name="java.io.tmpdir" value="C:\Users\C275973\AppData\Local\Temp\"/>
    <property name="java.version" value="15"/>
    <property name="user.dir" value="C:\Workstation\MAFAutomation_CHP-Application-Test"/>
    <property name="os.arch" value="amd64"/>
    <property name="java.vm.specification.name" value="Java Virtual Machine Specification"/>
    <property name="sun.os.patch.level" value=""/>
    <property name="java.library.path" value="C:\Program Files\Java\jdk-15\bin;C:\WINDOWS\Sun\Java\bin;C:\WINDOWS\system32;C:\WINDOWS;C:\Program Files\Common Files\Oracle\Java\javapath;C:\WINDOWS\system32;C:\WINDOWS;C:\WINDOWS\System32\Wbem;C:\WINDOWS\System32\WindowsPowerShell\v1.0\;C:\WINDOWS\System32\OpenSSH\;C:\Program Files (x86)\Symantec\VIP Access Client\;C:\Program Files\Java\jdk-15\bin;C:\Program Files\Git\cmd;C:\Program Files\TortoiseGit\bin;C:\Maven\apache-maven-3.6.3\bin;C:\Gradle\gradle-6.8.1\bin;C:\Users\C275973\AppData\Local\Microsoft\WindowsApps;;."/>
    <property name="java.vm.info" value="mixed mode, sharing"/>
    <property name="java.vendor" value="Oracle Corporation"/>
    <property name="java.vm.version" value="15+36-1562"/>
    <property name="sun.io.unicode.encoding" value="UnicodeLittle"/>
    <property name="java.class.version" value="59.0"/>
  </properties>
  <testcase name="loginWithValidAndInvalidCredentials" classname="com.trgr.quality.maf.tests.LoginTest" time="523.319">
    <failure message="The following asserts failed:&#10;	MAFQABANG-32:Login with valid and invalid credentails : Validated Login with invalid username expected [true] but found [false],&#10;	MAFQABANG-32:Login with valid and invalid credentails : Validated Login with invalid password expected [true] but found [false],&#10;	Exception in Test expected [true] but found [false]" type="java.lang.AssertionError"><![CDATA[java.lang.AssertionError: 
The following asserts failed:
	MAFQABANG-32:Login with valid and invalid credentails : Validated Login with invalid username expected [true] but found [false],
	MAFQABANG-32:Login with valid and invalid credentails : Validated Login with invalid password expected [true] but found [false],
	Exception in Test expected [true] but found [false]
	at com.trgr.quality.maf.tests.LoginTest.loginWithValidAndInvalidCredentials(LoginTest.java:123)
]]></failure>
    <system-out><![CDATA[[TestNGContentHandler] [WARN] It is strongly recommended to add "<!DOCTYPE suite SYSTEM "http://testng.org/testng-1.0.dtd" >" at the top of your file, otherwise TestNG may fail or not work as expected.
]]></system-out>
    <system-err><![CDATA[[main] INFO com.trgr.quality.maf.fileconfiger.PropertiesRepository - Loading property file : TestConfig.properties
[main] INFO com.trgr.quality.maf.fileconfiger.PropertiesRepository - Loading property file : log4j.properties
[main] INFO com.trgr.quality.maf.basetest.BaseTest - Start logging
[main] INFO com.trgr.quality.maf.basetest.BaseTest - Start logging started 
Starting ChromeDriver 88.0.4324.96 (68dba2d8a0b149a1d3afac56fa74648032bcf46b-refs/branch-heads/4324@{#1784}) on port 4110
Only local connections are allowed.
Please see https://chromedriver.chromium.org/security-considerations for suggestions on keeping ChromeDriver safe.
ChromeDriver was started successfully.
Feb 08, 2021 5:09:45 PM org.openqa.selenium.remote.ProtocolHandshake createSession
INFO: Detected dialect: W3C
[main] INFO com.trgr.quality.maf.basetest.BaseTest - Chrome driver instance is launched successfully
[main] INFO com.trgr.quality.maf.fileconfiger.PropertiesRepository - Loading property file : chpbr.properties
]]></system-err>
  </testcase>
  <testcase name="loginUsingSaveUserNameAndPwd" classname="com.trgr.quality.maf.tests.LoginTest" time="241.836">
    <failure message="The following asserts failed:&#10;	Exception in Test expected [true] but found [false]" type="java.lang.AssertionError"><![CDATA[java.lang.AssertionError: 
The following asserts failed:
	Exception in Test expected [true] but found [false]
	at com.trgr.quality.maf.tests.LoginTest.loginUsingSaveUserNameAndPwd(LoginTest.java:218)
]]></failure>
  </testcase>
  <testcase name="loginUsingSaveUserName" classname="com.trgr.quality.maf.tests.LoginTest" time="240.693">
    <failure message="The following asserts failed:&#10;	Exception in Test expected [true] but found [false]" type="java.lang.AssertionError"><![CDATA[java.lang.AssertionError: 
The following asserts failed:
	Exception in Test expected [true] but found [false]
	at com.trgr.quality.maf.tests.LoginTest.loginUsingSaveUserName(LoginTest.java:432)
]]></failure>
  </testcase>
</testsuite>